20:01:40 **** Build of configuration Debug for project Atmega32_SPI ****
make all 
Building file: ../main.c
Invoking: AVR Compiler
avr-gcc -Wall -g2 -gstabs -O0 -fpack-struct -fshort-enums -ffunction-sections -fdata-sections -std=gnu99 -funsigned-char -funsigned-bitfields -mmcu=atmega32 -DF_CPU=12000000UL -MMD -MP -MF"main.d" -MT"main.o" -c -o "main.o" "../main.c"
In file included from ../main.c:12:
c:/winavr-20100110/lib/gcc/../../avr/include/util/delay.h:90:3: warning: #warning "Compiler optimizations disabled; functions from <util/delay.h> won't work as designed"
Finished building: ../main.c
 
Building target: Atmega32_SPI.elf
Invoking: AVR C Linker
avr-gcc -Wl,-Map,Atmega32_SPI.map -mmcu=atmega32 -o "Atmega32_SPI.elf"  ./DIO.o ./SPI.o ./UART.o ./main.o   
Finished building target: Atmega32_SPI.elf
 
Create Flash image (ihex format)
avr-objcopy -R .eeprom -R .fuse -R .lock -R .signature -O ihex Atmega32_SPI.elf  "Atmega32_SPI.hex"
Finished building: Atmega32_SPI.hex
 
Invoking: AVRDude
C:\WinAVR-20100110\bin\avrdude -pm32 -cusbasp usb -Uflash:w:Atmega32_SPI.hex:a

avrdude: warning: cannot set sck period. please check for usbasp firmware update.
avrdude: AVR device initialized and ready to accept instructions

Reading | ################################################## | 100% 0.00s

avrdude: Device signature = 0x1e9502
avrdude: NOTE: FLASH memory has been specified, an erase cycle will be performed
         To disable this feature, specify the -D option.
avrdude: erasing chip
avrdude: warning: cannot set sck period. please check for usbasp firmware update.
avrdude: reading input file "Atmega32_SPI.hex"
avrdude: input file Atmega32_SPI.hex auto detected as Intel Hex
avrdude: writing flash (5822 bytes):

Writing | ################################################## | 100% 3.53s

avrdude: 5822 bytes of flash written
avrdude: verifying flash memory against Atmega32_SPI.hex:
avrdude: load data flash data from input file Atmega32_SPI.hex:
avrdude: input file Atmega32_SPI.hex auto detected as Intel Hex
avrdude: input file Atmega32_SPI.hex contains 5822 bytes
avrdude: reading on-chip flash data:

Reading | ################################################## | 100% 2.94s

avrdude: verifying ...
avrdude: 5822 bytes of flash verified

avrdude done.  Thank you.

Finished building: avrdudedummy
 

20:01:48 Build Finished (took 7s.587ms)

