12:10:58 **** Incremental Build of configuration Debug for project AVR_Timer0_4k ****
make all 
Building file: F:/ITI/Embedded_Systems/eclipse-workspace-ITI/01-COTS/04-LIB/delay.c
Invoking: AVR Compiler
avr-gcc -I"F:\ITI\Embedded_Systems\eclipse-workspace-ITI\01-COTS\01-MCAL\01-AVR\01-DIO" -I"F:\ITI\Embedded_Systems\eclipse-workspace-ITI\01-COTS\04-LIB" -I"F:\ITI\Embedded_Systems\eclipse-workspace-ITI\01-COTS\02-HAL\05-LCD" -I"F:\ITI\Embedded_Systems\eclipse-workspace-ITI\01-COTS\01-MCAL\01-AVR\03-Timer" -Wall -g2 -gstabs -O0 -fpack-struct -fshort-enums -ffunction-sections -fdata-sections -std=gnu99 -funsigned-char -funsigned-bitfields -mmcu=atmega32 -DF_CPU=12000000UL -MMD -MP -MF"04-LIB/delay.d" -MT"04-LIB/delay.o" -c -o "04-LIB/delay.o" "F:/ITI/Embedded_Systems/eclipse-workspace-ITI/01-COTS/04-LIB/delay.c"
In file included from F:/ITI/Embedded_Systems/eclipse-workspace-ITI/01-COTS/04-LIB/delay.c:2:
F:/ITI/Embedded_Systems/eclipse-workspace-ITI/01-COTS/04-LIB/delay.h:8:1: warning: "AVR" redefined
<built-in>: warning: this is the location of the previous definition
Finished building: F:/ITI/Embedded_Systems/eclipse-workspace-ITI/01-COTS/04-LIB/delay.c
 
Building file: F:/ITI/Embedded_Systems/eclipse-workspace-ITI/01-COTS/01-MCAL/01-AVR/01-DIO/DIO_program.c
Invoking: AVR Compiler
avr-gcc -I"F:\ITI\Embedded_Systems\eclipse-workspace-ITI\01-COTS\01-MCAL\01-AVR\01-DIO" -I"F:\ITI\Embedded_Systems\eclipse-workspace-ITI\01-COTS\04-LIB" -I"F:\ITI\Embedded_Systems\eclipse-workspace-ITI\01-COTS\02-HAL\05-LCD" -I"F:\ITI\Embedded_Systems\eclipse-workspace-ITI\01-COTS\01-MCAL\01-AVR\03-Timer" -Wall -g2 -gstabs -O0 -fpack-struct -fshort-enums -ffunction-sections -fdata-sections -std=gnu99 -funsigned-char -funsigned-bitfields -mmcu=atmega32 -DF_CPU=12000000UL -MMD -MP -MF"01-DIO/DIO_program.d" -MT"01-DIO/DIO_program.o" -c -o "01-DIO/DIO_program.o" "F:/ITI/Embedded_Systems/eclipse-workspace-ITI/01-COTS/01-MCAL/01-AVR/01-DIO/DIO_program.c"
Finished building: F:/ITI/Embedded_Systems/eclipse-workspace-ITI/01-COTS/01-MCAL/01-AVR/01-DIO/DIO_program.c
 
Building file: ../main.c
Invoking: AVR Compiler
avr-gcc -I"F:\ITI\Embedded_Systems\eclipse-workspace-ITI\01-COTS\01-MCAL\01-AVR\01-DIO" -I"F:\ITI\Embedded_Systems\eclipse-workspace-ITI\01-COTS\04-LIB" -I"F:\ITI\Embedded_Systems\eclipse-workspace-ITI\01-COTS\02-HAL\05-LCD" -I"F:\ITI\Embedded_Systems\eclipse-workspace-ITI\01-COTS\01-MCAL\01-AVR\03-Timer" -Wall -g2 -gstabs -O0 -fpack-struct -fshort-enums -ffunction-sections -fdata-sections -std=gnu99 -funsigned-char -funsigned-bitfields -mmcu=atmega32 -DF_CPU=12000000UL -MMD -MP -MF"main.d" -MT"main.o" -c -o "main.o" "../main.c"
Finished building: ../main.c
 
Building target: AVR_Timer0_4k.elf
Invoking: AVR C Linker
avr-gcc -Wl,-Map,AVR_Timer0_4k.map -mmcu=atmega32 -o "AVR_Timer0_4k.elf"  ./04-LIB/delay.o  ./01-DIO/DIO_program.o  ./main.o   
Finished building target: AVR_Timer0_4k.elf
 
Create Flash image (ihex format)
avr-objcopy -R .eeprom -R .fuse -R .lock -R .signature -O ihex AVR_Timer0_4k.elf  "AVR_Timer0_4k.hex"
Finished building: AVR_Timer0_4k.hex
 
Invoking: Print Size
avr-size --format=avr --mcu=atmega32 AVR_Timer0_4k.elf
AVR Memory Usage
----------------
Device: atmega32

Program:   26958 bytes (82.3% Full)
(.text + .data + .bootloader)

Data:          6 bytes (0.3% Full)
(.data + .bss + .noinit)


Finished building: sizedummy
 
Invoking: AVRDude
C:\WinAVR-20100110\bin\avrdude -pm32 -cusbasp -Uflash:w:AVR_Timer0_4k.hex:a

avrdude: warning: cannot set sck period. please check for usbasp firmware update.
avrdude: AVR device initialized and ready to accept instructions

Reading | ################################################## | 100% 0.00s

avrdude: Device signature = 0x1e9502
avrdude: NOTE: FLASH memory has been specified, an erase cycle will be performed
         To disable this feature, specify the -D option.
avrdude: erasing chip
avrdude: warning: cannot set sck period. please check for usbasp firmware update.
avrdude: reading input file "AVR_Timer0_4k.hex"
avrdude: input file AVR_Timer0_4k.hex auto detected as Intel Hex
avrdude: writing flash (26958 bytes):

Writing | ################################################## | 100% 16.12s

avrdude: 26958 bytes of flash written
avrdude: verifying flash memory against AVR_Timer0_4k.hex:
avrdude: load data flash data from input file AVR_Timer0_4k.hex:
avrdude: input file AVR_Timer0_4k.hex auto detected as Intel Hex
avrdude: input file AVR_Timer0_4k.hex contains 26958 bytes
avrdude: reading on-chip flash data:

Reading | ################################################## | 100% 13.57s

avrdude: verifying ...
avrdude: 26958 bytes of flash verified

avrdude done.  Thank you.

Finished building: avrdudedummy
 

12:11:30 Build Finished (took 32s.376ms)

