13:08:57 **** Incremental Build of configuration Debug for project week_6_Timer1_2 ****
make all 
Invoking: AVRDude
C:\WinAVR-20100110\bin\avrdude -pm32 -cusbasp usb -Uflash:w:week_6_Timer1_2.hex:a

avrdude: warning: cannot set sck period. please check for usbasp firmware update.
avrdude: AVR device initialized and ready to accept instructions

Reading | ################################################## | 100% 0.00s

avrdude: Device signature = 0x1e9502
avrdude: NOTE: FLASH memory has been specified, an erase cycle will be performed
         To disable this feature, specify the -D option.
avrdude: erasing chip
avrdude: warning: cannot set sck period. please check for usbasp firmware update.
avrdude: reading input file "week_6_Timer1_2.hex"
avrdude: input file week_6_Timer1_2.hex auto detected as Intel Hex
avrdude: writing flash (28798 bytes):

Writing | ################################################## | 100% 18.58s

avrdude: 28798 bytes of flash written
avrdude: verifying flash memory against week_6_Timer1_2.hex:
avrdude: load data flash data from input file week_6_Timer1_2.hex:
avrdude: input file week_6_Timer1_2.hex auto detected as Intel Hex
avrdude: input file week_6_Timer1_2.hex contains 28798 bytes
avrdude: reading on-chip flash data:

Reading | ################################################## | 100% 14.50s

avrdude: verifying ...
avrdude: 28798 bytes of flash verified

avrdude done.  Thank you.

Finished building: avrdudedummy
 

13:09:30 Build Finished (took 33s.639ms)

