14:31:00 **** Incremental Build of configuration Debug for project week_8_I2C_EEPROM_Assignmnent ****
make all 
Building file: ../main.c
Invoking: AVR Compiler
avr-gcc -Wall -g2 -gstabs -O0 -fpack-struct -fshort-enums -ffunction-sections -fdata-sections -std=gnu99 -funsigned-char -funsigned-bitfields -mmcu=atmega32 -DF_CPU=12000000UL -MMD -MP -MF"main.d" -MT"main.o" -c -o "main.o" "../main.c"
In file included from ../main.c:12:
c:/winavr-20100110/lib/gcc/../../avr/include/util/delay.h:90:3: warning: #warning "Compiler optimizations disabled; functions from <util/delay.h> won't work as designed"
Finished building: ../main.c
 
Building target: week_8_I2C_EEPROM_Assignmnent.elf
Invoking: AVR C Linker
avr-gcc -Wl,-Map,week_8_I2C_EEPROM_Assignmnent.map -mmcu=atmega32 -o "week_8_I2C_EEPROM_Assignmnent.elf"  ./DIO.o ./EEPROM.o ./I2C.o ./Keypad.o ./LCD.o ./main.o   
Finished building target: week_8_I2C_EEPROM_Assignmnent.elf
 
Create Flash image (ihex format)
avr-objcopy -R .eeprom -R .fuse -R .lock -R .signature -O ihex week_8_I2C_EEPROM_Assignmnent.elf  "week_8_I2C_EEPROM_Assignmnent.hex"
Finished building: week_8_I2C_EEPROM_Assignmnent.hex
 
Invoking: AVRDude
C:\WinAVR-20100110\bin\avrdude -pm32 -cusbasp usb -Uflash:w:week_8_I2C_EEPROM_Assignmnent.hex:a

avrdude: warning: cannot set sck period. please check for usbasp firmware update.
avrdude: AVR device initialized and ready to accept instructions

Reading | ################################################## | 100% 0.00s

avrdude: Device signature = 0x1e9502
avrdude: NOTE: FLASH memory has been specified, an erase cycle will be performed
         To disable this feature, specify the -D option.
avrdude: erasing chip
avrdude: warning: cannot set sck period. please check for usbasp firmware update.
avrdude: reading input file "week_8_I2C_EEPROM_Assignmnent.hex"
avrdude: input file week_8_I2C_EEPROM_Assignmnent.hex auto detected as Intel Hex
avrdude: writing flash (31868 bytes):

Writing | ################################################## | 100% 19.84s

avrdude: 31868 bytes of flash written
avrdude: verifying flash memory against week_8_I2C_EEPROM_Assignmnent.hex:
avrdude: load data flash data from input file week_8_I2C_EEPROM_Assignmnent.hex:
avrdude: input file week_8_I2C_EEPROM_Assignmnent.hex auto detected as Intel Hex
avrdude: input file week_8_I2C_EEPROM_Assignmnent.hex contains 31868 bytes
avrdude: reading on-chip flash data:

Reading | ################################################## | 100% 15.99s

avrdude: verifying ...
avrdude: 31868 bytes of flash verified

avrdude done.  Thank you.

Finished building: avrdudedummy
 

14:31:37 Build Finished (took 36s.766ms)

