00:17:26 **** Incremental Build of configuration Debug for project EEPROM ****
make all 
Building file: ../main.c
Invoking: AVR Compiler
avr-gcc -Wall -g2 -gstabs -O0 -fpack-struct -fshort-enums -ffunction-sections -fdata-sections -std=gnu99 -funsigned-char -funsigned-bitfields -mmcu=atmega32 -DF_CPU=12000000UL -MMD -MP -MF"main.d" -MT"main.o" -c -o "main.o" "../main.c"
In file included from ../main.c:2:
c:/winavr-20100110/lib/gcc/../../avr/include/util/delay.h:90:3: warning: #warning "Compiler optimizations disabled; functions from <util/delay.h> won't work as designed"
In file included from ../main.c:6:
../LCD.h:14: warning: data definition has no type or storage class
../LCD.h:14: warning: type defaults to 'int' in declaration of 'LCD_setposition'
Finished building: ../main.c
 
Building target: EEPROM.elf
Invoking: AVR C Linker
avr-gcc -Wl,-Map,EEPROM.map -mmcu=atmega32 -o "EEPROM.elf"  ./DIO.o ./I2C.o ./KeyPad.o ./LCD.o ./eeprom.o ./main.o   
Finished building target: EEPROM.elf
 
Create Flash image (ihex format)
avr-objcopy -R .eeprom -R .fuse -R .lock -R .signature -O ihex EEPROM.elf  "EEPROM.hex"
Finished building: EEPROM.hex
 
Invoking: AVRDude
C:\WinAVR-20100110\bin\avrdude -pm32 -cusbasp usb -Uflash:w:EEPROM.hex:a

avrdude: warning: cannot set sck period. please check for usbasp firmware update.
avrdude: AVR device initialized and ready to accept instructions

Reading | ################################################## | 100% 0.00s

avrdude: Device signature = 0x1e9502
avrdude: NOTE: FLASH memory has been specified, an erase cycle will be performed
         To disable this feature, specify the -D option.
avrdude: erasing chip
avrdude: warning: cannot set sck period. please check for usbasp firmware update.
avrdude: reading input file "EEPROM.hex"
avrdude: input file EEPROM.hex auto detected as Intel Hex
avrdude: writing flash (9362 bytes):

Writing | ################################################## | 100% 5.55s

avrdude: 9362 bytes of flash written
avrdude: verifying flash memory against EEPROM.hex:
avrdude: load data flash data from input file EEPROM.hex:
avrdude: input file EEPROM.hex auto detected as Intel Hex
avrdude: input file EEPROM.hex contains 9362 bytes
avrdude: reading on-chip flash data:

Reading | ################################################## | 100% 4.72s

avrdude: verifying ...
avrdude: 9362 bytes of flash verified

avrdude done.  Thank you.

Finished building: avrdudedummy
 

00:17:37 Build Finished (took 11s.253ms)

